  speechManager.cpp
D:\Visual Studio 2022\C++_Code\演讲比赛流程管理系统\演讲比赛流程管理系统\演讲比赛流程管理系统\speechManager.cpp(276,19): warning C4267: “=”: 从“size_t”转换到“int”，可能丢失数据
C:\Program Files\Microsoft Visual Studio\2022\Community\VC\Tools\MSVC\14.38.33130\include\numeric(37,26): warning C4244: “=”: 从“double”转换到“_Ty”，可能丢失数据
C:\Program Files\Microsoft Visual Studio\2022\Community\VC\Tools\MSVC\14.38.33130\include\numeric(37,26): warning C4244:         with
C:\Program Files\Microsoft Visual Studio\2022\Community\VC\Tools\MSVC\14.38.33130\include\numeric(37,26): warning C4244:         [
C:\Program Files\Microsoft Visual Studio\2022\Community\VC\Tools\MSVC\14.38.33130\include\numeric(37,26): warning C4244:             _Ty=float
C:\Program Files\Microsoft Visual Studio\2022\Community\VC\Tools\MSVC\14.38.33130\include\numeric(37,26): warning C4244:         ]
  (编译源文件“speechManager.cpp”)
  C:\Program Files\Microsoft Visual Studio\2022\Community\VC\Tools\MSVC\14.38.33130\include\numeric(37,26):
  模板实例化上下文(最早的实例化上下文)为
  	D:\Visual Studio 2022\C++_Code\演讲比赛流程管理系统\演讲比赛流程管理系统\演讲比赛流程管理系统\speechManager.cpp(167,16):
  	查看对正在编译的函数 模板 实例化“_Ty std::accumulate<std::_Deque_iterator<std::_Deque_val<std::_Deque_simple_types<double>>>,float>(const _InIt,const _InIt,_Ty)”的引用
          with
          [
              _Ty=float,
              _InIt=std::_Deque_iterator<std::_Deque_val<std::_Deque_simple_types<double>>>
          ]
  	C:\Program Files\Microsoft Visual Studio\2022\Community\VC\Tools\MSVC\14.38.33130\include\numeric(46,17):
  	查看对正在编译的函数 模板 实例化“_Ty std::accumulate<_InIt,_Ty,std::plus<void>>(const _InIt,const _InIt,_Ty,_Fn)”的引用
          with
          [
              _Ty=float,
              _InIt=std::_Deque_iterator<std::_Deque_val<std::_Deque_simple_types<double>>>,
              _Fn=std::plus<void>
          ]
  
C:\Program Files\Microsoft Visual Studio\2022\Community\VC\Tools\MSVC\14.38.33130\include\xutility(1372,27): warning C4244: “参数”: 从“const _Kty”转换到“const _Ty”，可能丢失数据
C:\Program Files\Microsoft Visual Studio\2022\Community\VC\Tools\MSVC\14.38.33130\include\xutility(1372,27): warning C4244:         with
C:\Program Files\Microsoft Visual Studio\2022\Community\VC\Tools\MSVC\14.38.33130\include\xutility(1372,27): warning C4244:         [
C:\Program Files\Microsoft Visual Studio\2022\Community\VC\Tools\MSVC\14.38.33130\include\xutility(1372,27): warning C4244:             _Kty=double
C:\Program Files\Microsoft Visual Studio\2022\Community\VC\Tools\MSVC\14.38.33130\include\xutility(1372,27): warning C4244:         ]
C:\Program Files\Microsoft Visual Studio\2022\Community\VC\Tools\MSVC\14.38.33130\include\xutility(1372,27): warning C4244:         and
C:\Program Files\Microsoft Visual Studio\2022\Community\VC\Tools\MSVC\14.38.33130\include\xutility(1372,27): warning C4244:         [
C:\Program Files\Microsoft Visual Studio\2022\Community\VC\Tools\MSVC\14.38.33130\include\xutility(1372,27): warning C4244:             _Ty=int
C:\Program Files\Microsoft Visual Studio\2022\Community\VC\Tools\MSVC\14.38.33130\include\xutility(1372,27): warning C4244:         ]
  (编译源文件“speechManager.cpp”)
  C:\Program Files\Microsoft Visual Studio\2022\Community\VC\Tools\MSVC\14.38.33130\include\xutility(1372,27):
  模板实例化上下文(最早的实例化上下文)为
  	D:\Visual Studio 2022\C++_Code\演讲比赛流程管理系统\演讲比赛流程管理系统\演讲比赛流程管理系统\speechManager.cpp(173,13):
  	查看对正在编译的函数 模板 实例化“std::_Tree_iterator<std::_Tree_val<std::_Tree_simple_types<std::pair<const double,int>>>> std::multimap<double,int,std::greater<int>,std::allocator<std::pair<const double,int>>>::insert<std::pair<double,int>,0>(_Valty &&)”的引用
          with
          [
              _Valty=std::pair<double,int>
          ]
  		D:\Visual Studio 2022\C++_Code\演讲比赛流程管理系统\演讲比赛流程管理系统\演讲比赛流程管理系统\speechManager.cpp(173,20):
  		请参阅 "SpeechManager::speechContest" 中对 "std::multimap<double,int,std::greater<int>,std::allocator<std::pair<const double,int>>>::insert" 的第一个引用
  	C:\Program Files\Microsoft Visual Studio\2022\Community\VC\Tools\MSVC\14.38.33130\include\map(568,20):
  	查看对正在编译的函数 模板 实例化“std::_Tree_iterator<std::_Tree_val<std::_Tree_simple_types<std::pair<const double,int>>>> std::multimap<double,int,std::greater<int>,std::allocator<std::pair<const double,int>>>::emplace<_Ty>(_Ty &&)”的引用
          with
          [
              _Ty=std::pair<double,int>
          ]
  	C:\Program Files\Microsoft Visual Studio\2022\Community\VC\Tools\MSVC\14.38.33130\include\map(557,25):
  	查看对正在编译的函数 模板 实例化“std::pair<std::_Tree_iterator<std::_Tree_val<std::_Tree_simple_types<std::pair<const double,int>>>>,bool> std::_Tree<std::_Tmap_traits<_Kty,_Ty,_Pr,_Alloc,true>>::emplace<std::pair<double,int>>(std::pair<double,int> &&)”的引用
          with
          [
              _Kty=double,
              _Ty=int,
              _Pr=std::greater<int>,
              _Alloc=std::allocator<std::pair<const double,int>>
          ]
  	C:\Program Files\Microsoft Visual Studio\2022\Community\VC\Tools\MSVC\14.38.33130\include\xtree(1024,30):
  	查看对正在编译的函数 模板 实例化“std::pair<std::_Tree_node<std::pair<const double,int>,std::_Default_allocator_traits<_Alloc>::void_pointer> *,bool> std::_Tree<std::_Tmap_traits<_Kty,_Ty,_Pr,_Alloc,true>>::_Emplace<std::pair<double,int>>(std::pair<double,int> &&)”的引用
          with
          [
              _Alloc=std::allocator<std::pair<const double,int>>,
              _Kty=double,
              _Ty=int,
              _Pr=std::greater<int>
          ]
  	C:\Program Files\Microsoft Visual Studio\2022\Community\VC\Tools\MSVC\14.38.33130\include\xtree(1005,24):
  	查看对正在编译的函数 模板 实例化“std::_Tree_find_result<std::_Tree_node<std::pair<const double,int>,std::_Default_allocator_traits<_Alloc>::void_pointer> *> std::_Tree<std::_Tmap_traits<_Kty,_Ty,_Pr,_Alloc,true>>::_Find_upper_bound<_Kty>(const _Keyty &) const”的引用
          with
          [
              _Alloc=std::allocator<std::pair<const double,int>>,
              _Kty=double,
              _Ty=int,
              _Pr=std::greater<int>,
              _Keyty=double
          ]
  	C:\Program Files\Microsoft Visual Studio\2022\Community\VC\Tools\MSVC\14.38.33130\include\xtree(1585,17):
  	查看对正在编译的函数 模板 实例化“bool std::_Debug_lt_pred<const std::greater<int>&,const _Keyty&,const _Kty&,0>(_Pr,_Ty1,_Ty2) noexcept(<expr>)”的引用
          with
          [
              _Keyty=double,
              _Kty=double,
              _Pr=const std::greater<int> &,
              _Ty1=const double &,
              _Ty2=const double &
          ]
  
C:\Program Files\Microsoft Visual Studio\2022\Community\VC\Tools\MSVC\14.38.33130\include\xutility(1372,20): warning C4244: “参数”: 从“const _Keyty”转换到“const _Ty”，可能丢失数据
C:\Program Files\Microsoft Visual Studio\2022\Community\VC\Tools\MSVC\14.38.33130\include\xutility(1372,20): warning C4244:         with
C:\Program Files\Microsoft Visual Studio\2022\Community\VC\Tools\MSVC\14.38.33130\include\xutility(1372,20): warning C4244:         [
C:\Program Files\Microsoft Visual Studio\2022\Community\VC\Tools\MSVC\14.38.33130\include\xutility(1372,20): warning C4244:             _Keyty=double
C:\Program Files\Microsoft Visual Studio\2022\Community\VC\Tools\MSVC\14.38.33130\include\xutility(1372,20): warning C4244:         ]
C:\Program Files\Microsoft Visual Studio\2022\Community\VC\Tools\MSVC\14.38.33130\include\xutility(1372,20): warning C4244:         and
C:\Program Files\Microsoft Visual Studio\2022\Community\VC\Tools\MSVC\14.38.33130\include\xutility(1372,20): warning C4244:         [
C:\Program Files\Microsoft Visual Studio\2022\Community\VC\Tools\MSVC\14.38.33130\include\xutility(1372,20): warning C4244:             _Ty=int
C:\Program Files\Microsoft Visual Studio\2022\Community\VC\Tools\MSVC\14.38.33130\include\xutility(1372,20): warning C4244:         ]
  (编译源文件“speechManager.cpp”)
  
C:\Program Files\Microsoft Visual Studio\2022\Community\VC\Tools\MSVC\14.38.33130\include\xutility(1372,62): warning C4244: “参数”: 从“const _Keyty”转换到“const _Ty”，可能丢失数据
C:\Program Files\Microsoft Visual Studio\2022\Community\VC\Tools\MSVC\14.38.33130\include\xutility(1372,62): warning C4244:         with
C:\Program Files\Microsoft Visual Studio\2022\Community\VC\Tools\MSVC\14.38.33130\include\xutility(1372,62): warning C4244:         [
C:\Program Files\Microsoft Visual Studio\2022\Community\VC\Tools\MSVC\14.38.33130\include\xutility(1372,62): warning C4244:             _Keyty=double
C:\Program Files\Microsoft Visual Studio\2022\Community\VC\Tools\MSVC\14.38.33130\include\xutility(1372,62): warning C4244:         ]
C:\Program Files\Microsoft Visual Studio\2022\Community\VC\Tools\MSVC\14.38.33130\include\xutility(1372,62): warning C4244:         and
C:\Program Files\Microsoft Visual Studio\2022\Community\VC\Tools\MSVC\14.38.33130\include\xutility(1372,62): warning C4244:         [
C:\Program Files\Microsoft Visual Studio\2022\Community\VC\Tools\MSVC\14.38.33130\include\xutility(1372,62): warning C4244:             _Ty=int
C:\Program Files\Microsoft Visual Studio\2022\Community\VC\Tools\MSVC\14.38.33130\include\xutility(1372,62): warning C4244:         ]
  (编译源文件“speechManager.cpp”)
  
C:\Program Files\Microsoft Visual Studio\2022\Community\VC\Tools\MSVC\14.38.33130\include\xutility(1372,54): warning C4244: “参数”: 从“const _Kty”转换到“const _Ty”，可能丢失数据
C:\Program Files\Microsoft Visual Studio\2022\Community\VC\Tools\MSVC\14.38.33130\include\xutility(1372,54): warning C4244:         with
C:\Program Files\Microsoft Visual Studio\2022\Community\VC\Tools\MSVC\14.38.33130\include\xutility(1372,54): warning C4244:         [
C:\Program Files\Microsoft Visual Studio\2022\Community\VC\Tools\MSVC\14.38.33130\include\xutility(1372,54): warning C4244:             _Kty=double
C:\Program Files\Microsoft Visual Studio\2022\Community\VC\Tools\MSVC\14.38.33130\include\xutility(1372,54): warning C4244:         ]
C:\Program Files\Microsoft Visual Studio\2022\Community\VC\Tools\MSVC\14.38.33130\include\xutility(1372,54): warning C4244:         and
C:\Program Files\Microsoft Visual Studio\2022\Community\VC\Tools\MSVC\14.38.33130\include\xutility(1372,54): warning C4244:         [
C:\Program Files\Microsoft Visual Studio\2022\Community\VC\Tools\MSVC\14.38.33130\include\xutility(1372,54): warning C4244:             _Ty=int
C:\Program Files\Microsoft Visual Studio\2022\Community\VC\Tools\MSVC\14.38.33130\include\xutility(1372,54): warning C4244:         ]
  (编译源文件“speechManager.cpp”)
  
C:\Program Files\Microsoft Visual Studio\2022\Community\VC\Tools\MSVC\14.38.33130\include\xutility(1374,57): warning C4244: “参数”: 从“const _Kty”转换到“const _Ty”，可能丢失数据
C:\Program Files\Microsoft Visual Studio\2022\Community\VC\Tools\MSVC\14.38.33130\include\xutility(1374,57): warning C4244:         with
C:\Program Files\Microsoft Visual Studio\2022\Community\VC\Tools\MSVC\14.38.33130\include\xutility(1374,57): warning C4244:         [
C:\Program Files\Microsoft Visual Studio\2022\Community\VC\Tools\MSVC\14.38.33130\include\xutility(1374,57): warning C4244:             _Kty=double
C:\Program Files\Microsoft Visual Studio\2022\Community\VC\Tools\MSVC\14.38.33130\include\xutility(1374,57): warning C4244:         ]
C:\Program Files\Microsoft Visual Studio\2022\Community\VC\Tools\MSVC\14.38.33130\include\xutility(1374,57): warning C4244:         and
C:\Program Files\Microsoft Visual Studio\2022\Community\VC\Tools\MSVC\14.38.33130\include\xutility(1374,57): warning C4244:         [
C:\Program Files\Microsoft Visual Studio\2022\Community\VC\Tools\MSVC\14.38.33130\include\xutility(1374,57): warning C4244:             _Ty=int
C:\Program Files\Microsoft Visual Studio\2022\Community\VC\Tools\MSVC\14.38.33130\include\xutility(1374,57): warning C4244:         ]
  (编译源文件“speechManager.cpp”)
  C:\Program Files\Microsoft Visual Studio\2022\Community\VC\Tools\MSVC\14.38.33130\include\xutility(1374,57):
  模板实例化上下文(最早的实例化上下文)为
  	C:\Program Files\Microsoft Visual Studio\2022\Community\VC\Tools\MSVC\14.38.33130\include\xtree(1005,24):
  	查看对正在编译的函数 模板 实例化“std::_Tree_find_result<std::_Tree_node<std::pair<const double,int>,std::_Default_allocator_traits<_Alloc>::void_pointer> *> std::_Tree<std::_Tmap_traits<_Kty,_Ty,_Pr,_Alloc,true>>::_Find_upper_bound<_Kty>(const _Keyty &) const”的引用
          with
          [
              _Alloc=std::allocator<std::pair<const double,int>>,
              _Kty=double,
              _Ty=int,
              _Pr=std::greater<int>,
              _Keyty=double
          ]
  	C:\Program Files\Microsoft Visual Studio\2022\Community\VC\Tools\MSVC\14.38.33130\include\xtree(1585,17):
  	查看对正在编译的函数 模板 实例化“bool std::_Debug_lt_pred<const std::greater<int>&,const _Keyty&,const _Kty&,0>(_Pr,_Ty1,_Ty2) noexcept”的引用
          with
          [
              _Keyty=double,
              _Kty=double,
              _Pr=const std::greater<int> &,
              _Ty1=const double &,
              _Ty2=const double &
          ]
  
C:\Program Files\Microsoft Visual Studio\2022\Community\VC\Tools\MSVC\14.38.33130\include\xutility(1374,50): warning C4244: “参数”: 从“const _Keyty”转换到“const _Ty”，可能丢失数据
C:\Program Files\Microsoft Visual Studio\2022\Community\VC\Tools\MSVC\14.38.33130\include\xutility(1374,50): warning C4244:         with
C:\Program Files\Microsoft Visual Studio\2022\Community\VC\Tools\MSVC\14.38.33130\include\xutility(1374,50): warning C4244:         [
C:\Program Files\Microsoft Visual Studio\2022\Community\VC\Tools\MSVC\14.38.33130\include\xutility(1374,50): warning C4244:             _Keyty=double
C:\Program Files\Microsoft Visual Studio\2022\Community\VC\Tools\MSVC\14.38.33130\include\xutility(1374,50): warning C4244:         ]
C:\Program Files\Microsoft Visual Studio\2022\Community\VC\Tools\MSVC\14.38.33130\include\xutility(1374,50): warning C4244:         and
C:\Program Files\Microsoft Visual Studio\2022\Community\VC\Tools\MSVC\14.38.33130\include\xutility(1374,50): warning C4244:         [
C:\Program Files\Microsoft Visual Studio\2022\Community\VC\Tools\MSVC\14.38.33130\include\xutility(1374,50): warning C4244:             _Ty=int
C:\Program Files\Microsoft Visual Studio\2022\Community\VC\Tools\MSVC\14.38.33130\include\xutility(1374,50): warning C4244:         ]
  (编译源文件“speechManager.cpp”)
  
C:\Program Files\Microsoft Visual Studio\2022\Community\VC\Tools\MSVC\14.38.33130\include\xutility(1376,9): warning C4244: “参数”: 从“const _Keyty”转换到“const _Ty”，可能丢失数据
C:\Program Files\Microsoft Visual Studio\2022\Community\VC\Tools\MSVC\14.38.33130\include\xutility(1376,9): warning C4244:         with
C:\Program Files\Microsoft Visual Studio\2022\Community\VC\Tools\MSVC\14.38.33130\include\xutility(1376,9): warning C4244:         [
C:\Program Files\Microsoft Visual Studio\2022\Community\VC\Tools\MSVC\14.38.33130\include\xutility(1376,9): warning C4244:             _Keyty=double
C:\Program Files\Microsoft Visual Studio\2022\Community\VC\Tools\MSVC\14.38.33130\include\xutility(1376,9): warning C4244:         ]
C:\Program Files\Microsoft Visual Studio\2022\Community\VC\Tools\MSVC\14.38.33130\include\xutility(1376,9): warning C4244:         and
C:\Program Files\Microsoft Visual Studio\2022\Community\VC\Tools\MSVC\14.38.33130\include\xutility(1376,9): warning C4244:         [
C:\Program Files\Microsoft Visual Studio\2022\Community\VC\Tools\MSVC\14.38.33130\include\xutility(1376,9): warning C4244:             _Ty=int
C:\Program Files\Microsoft Visual Studio\2022\Community\VC\Tools\MSVC\14.38.33130\include\xutility(1376,9): warning C4244:         ]
  (编译源文件“speechManager.cpp”)
  
C:\Program Files\Microsoft Visual Studio\2022\Community\VC\Tools\MSVC\14.38.33130\include\xutility(1376,9): warning C4244: “参数”: 从“const _Kty”转换到“const _Ty”，可能丢失数据
C:\Program Files\Microsoft Visual Studio\2022\Community\VC\Tools\MSVC\14.38.33130\include\xutility(1376,9): warning C4244:         with
C:\Program Files\Microsoft Visual Studio\2022\Community\VC\Tools\MSVC\14.38.33130\include\xutility(1376,9): warning C4244:         [
C:\Program Files\Microsoft Visual Studio\2022\Community\VC\Tools\MSVC\14.38.33130\include\xutility(1376,9): warning C4244:             _Kty=double
C:\Program Files\Microsoft Visual Studio\2022\Community\VC\Tools\MSVC\14.38.33130\include\xutility(1376,9): warning C4244:         ]
C:\Program Files\Microsoft Visual Studio\2022\Community\VC\Tools\MSVC\14.38.33130\include\xutility(1376,9): warning C4244:         and
C:\Program Files\Microsoft Visual Studio\2022\Community\VC\Tools\MSVC\14.38.33130\include\xutility(1376,9): warning C4244:         [
C:\Program Files\Microsoft Visual Studio\2022\Community\VC\Tools\MSVC\14.38.33130\include\xutility(1376,9): warning C4244:             _Ty=int
C:\Program Files\Microsoft Visual Studio\2022\Community\VC\Tools\MSVC\14.38.33130\include\xutility(1376,9): warning C4244:         ]
  (编译源文件“speechManager.cpp”)
  
  演讲比赛流程管理系统.vcxproj -> D:\Visual Studio 2022\C++_Code\演讲比赛流程管理系统\演讲比赛流程管理系统\x64\Debug\演讲比赛流程管理系统.exe
